<?xml version="1.0" encoding="UTF-8"?>
<!-- Generated by org.testng.reporters.JUnitXMLReporter -->
<testsuite ignored="1" hostname="parrot" failures="0" tests="1" name="Surefire test" time="7.872" errors="0" timestamp="2024-11-28T17:09:33 IST">
  <testcase classname="com.mycompany.omniapp_test" name="invalid_onborad_test" time="7.729"/>
  <testcase classname="com.mycompany.omniapp_test" name="onboard_test" time="0.0">
    <ignored/>
  </testcase> <!-- onboard_test -->
</testsuite> <!-- Surefire test -->
