<?xml version="1.0" encoding="UTF-8"?>
<!-- Generated by org.testng.reporters.JUnitXMLReporter -->
<testsuite ignored="0" hostname="parrot" failures="0" tests="4" name="Surefire test" time="31.748" errors="0" timestamp="2025-01-31T15:38:10 IST">
  <testcase classname="com.mycompany.cynthia_onboardTest" name="test3_cynthiaOnboard" time="9.783"/>
  <testcase classname="com.mycompany.getautoassuredTest" name="test4_autoAssuredLogin" time="1.155"/>
  <testcase classname="com.mycompany.omniappTest" name="test2_invalidLogin" time="11.551"/>
  <testcase classname="com.mycompany.omniappTest" name="test1_validLogin" time="8.232"/>
</testsuite> <!-- Surefire test -->
